<?xml version="1.0" encoding="UTF-8"?>
<!-- Generated by org.testng.reporters.JUnitXMLReporter -->
<testsuite hostname="LAPTOP-80ILKSPS" name="Default test" tests="2" failures="0" timestamp="29 Mar 2018 01:11:31 GMT" time="0.489" errors="0">
  <testcase name="runScenario" time="0.023" classname="com.BDD_Framework_LinkedIn.LinkedInFramework.runner.LinkedInSignInrunner"/>
  <testcase name="runScenario" time="0.009" classname="com.BDD_Framework_LinkedIn.LinkedInFramework.runner.LinkedInSignInrunner"/>
</testsuite> <!-- Default test -->
